<?xml version="1.0" encoding="UTF-8"?>
<!-- Generated by org.testng.reporters.JUnitReportReporter -->
<testsuite hostname="Nandish1999" failures="0" tests="1" name="testng1.assertion_3" time="5.805" errors="0" timestamp="2024-01-19T17:18:03 IST" skipped="0">
  <testcase classname="testng1.assertion_3" name="asserts" time="5.805"/>
  <system-out/>
</testsuite> <!-- testng1.assertion_3 -->
