<?xml version="1.0" encoding="UTF-8"?>
<!-- Generated by org.testng.reporters.JUnitReportReporter -->
<testsuite hostname="Nandish1999" failures="0" tests="1" name="pom.run_fb1" time="4.212" errors="0" timestamp="2024-01-23T17:38:00 IST" skipped="0">
  <testcase classname="pom.run_fb1" name="run" time="4.212"/>
  <system-out/>
</testsuite> <!-- pom.run_fb1 -->
