<?xml version="1.0" encoding="UTF-8"?>
<!-- Generated by org.testng.reporters.JUnitReportReporter -->
<testsuite hostname="Nandish1999" failures="0" tests="1" name="testng1.rep" time="3.876" errors="0" timestamp="2024-01-17T16:44:47 IST" skipped="0">
  <testcase classname="testng1.rep" name="run" time="3.876"/>
  <system-out>
    <![CDATA[browser launch
instagram is launch
valid un is entered
valid pwd is entered
clicked on login]]>
  </system-out>
</testsuite> <!-- testng1.rep -->
