<?xml version="1.0" encoding="UTF-8"?>
<!-- Generated by org.testng.reporters.JUnitReportReporter -->
<testsuite hostname="Nandish1999" failures="0" tests="3" name="testng1.enab" time="0.017" errors="0" timestamp="2024-01-17T17:06:28 IST" skipped="1">
  <testcase classname="testng1.enab" name="compose" time="0.015"/>
  <system-out/>
  <testcase classname="testng1.enab" name="trash" time="0.002"/>
  <system-out/>
  <testcase classname="testng1.enab" name="sentitems">
    <skipped/>
  </testcase> <!-- sentitems -->
  <system-out/>
</testsuite> <!-- testng1.enab -->
