<?xml version="1.0" encoding="UTF-8"?>
<!-- Generated by org.testng.reporters.JUnitReportReporter -->
<testsuite hostname="Nandish1999" failures="0" tests="1" name="testng1.runner" time="4.330" errors="0" timestamp="2024-01-16T16:40:58 IST" skipped="0">
  <testcase classname="testng1.runner" name="run" time="4.330"/>
  <system-out/>
</testsuite> <!-- testng1.runner -->
