<?xml version="1.0" encoding="UTF-8"?>
<!-- Generated by org.testng.reporters.JUnitReportReporter -->
<testsuite hostname="Nandish1999" failures="0" tests="1" name="testng1.facebook" time="3.488" errors="0" timestamp="2024-01-17T17:06:28 IST" skipped="0">
  <testcase classname="testng1.facebook" name="npp" time="3.488"/>
  <system-out/>
</testsuite> <!-- testng1.facebook -->
