<?xml version="1.0" encoding="UTF-8"?>
<!-- Generated by org.testng.reporters.JUnitReportReporter -->
<testsuite hostname="Nandish1999" failures="0" tests="1" name="pom.run_fb3" time="4.398" errors="0" timestamp="2024-01-23T17:31:09 IST" skipped="0">
  <testcase classname="pom.run_fb3" name="run" time="4.398"/>
  <system-out/>
</testsuite> <!-- pom.run_fb3 -->
