<?xml version="1.0" encoding="UTF-8"?>
<!-- Generated by org.testng.reporters.JUnitReportReporter -->
<testsuite hostname="Nandish1999" failures="0" tests="3" name="Data_provider.facebook" time="39.775" errors="0" timestamp="2024-01-30T13:00:08 IST" skipped="0">
  <testcase classname="Data_provider.facebook" name="run" time="14.368"/>
  <system-out/>
  <testcase classname="Data_provider.facebook" name="run" time="12.244"/>
  <system-out/>
  <testcase classname="Data_provider.facebook" name="run" time="13.163"/>
  <system-out/>
</testsuite> <!-- Data_provider.facebook -->
