<?xml version="1.0" encoding="UTF-8"?>
<!-- Generated by org.testng.reporters.JUnitReportReporter -->
<testsuite hostname="Nandish1999" failures="0" tests="1" name="pom.run_fb2" time="4.141" errors="0" timestamp="2024-01-23T17:24:53 IST" skipped="0">
  <testcase classname="pom.run_fb2" name="run" time="4.141"/>
  <system-out/>
</testsuite> <!-- pom.run_fb2 -->
