<?xml version="1.0" encoding="UTF-8"?>
<!-- Generated by org.testng.reporters.JUnitReportReporter -->
<testsuite hostname="Nandish1999" failures="0" tests="1" name="Data_provider.fetch_property" time="0.018" errors="0" timestamp="2024-01-26T13:27:29 IST" skipped="0">
  <testcase classname="Data_provider.fetch_property" name="getdata" time="0.018"/>
  <system-out/>
</testsuite> <!-- Data_provider.fetch_property -->
