<?xml version="1.0" encoding="UTF-8"?>
<!-- Generated by org.testng.reporters.JUnitReportReporter -->
<testsuite hostname="Nandish1999" failures="0" tests="3" name="testng1.prior" time="0.018" errors="0" timestamp="2024-01-17T16:57:41 IST" skipped="0">
  <testcase classname="testng1.prior" name="sentitems" time="0.014"/>
  <system-out/>
  <testcase classname="testng1.prior" name="compose" time="0.002"/>
  <system-out/>
  <testcase classname="testng1.prior" name="trash" time="0.002"/>
  <system-out/>
</testsuite> <!-- testng1.prior -->
