<?xml version="1.0" encoding="UTF-8"?>
<!-- Generated by org.testng.reporters.JUnitReportReporter -->
<testsuite hostname="Nandish1999" failures="0" tests="1" name="testng1.asser1" time="5.552" errors="0" timestamp="2024-01-19T16:52:04 IST" skipped="0">
  <testcase classname="testng1.asser1" name="asser" time="5.552"/>
  <system-out/>
</testsuite> <!-- testng1.asser1 -->
