<?xml version="1.0" encoding="UTF-8"?>
<!-- Generated by org.testng.reporters.JUnitReportReporter -->
<testsuite hostname="Nandish1999" failures="0" tests="1" name="basic_hybrid_framework.runner_class" time="37.732" errors="0" timestamp="2024-01-24T16:43:22 IST" skipped="0">
  <testcase classname="basic_hybrid_framework.runner_class" name="login" time="37.732"/>
  <system-out/>
</testsuite> <!-- basic_hybrid_framework.runner_class -->
