<?xml version="1.0" encoding="UTF-8"?>
<!-- Generated by org.testng.reporters.JUnitReportReporter -->
<testsuite hostname="Nandish1999" failures="0" tests="1" name="testng1.np" time="0.014" errors="0" timestamp="2024-01-16T16:13:46 IST" skipped="0">
  <testcase classname="testng1.np" name="run" time="0.014"/>
  <system-out/>
</testsuite> <!-- testng1.np -->
