<?xml version="1.0" encoding="UTF-8"?>
<!-- Generated by org.testng.reporters.JUnitReportReporter -->
<testsuite hostname="Nandish1999" failures="0" tests="5" name="testng1.invoce" time="0.025" errors="0" timestamp="2024-01-17T16:55:13 IST" skipped="0">
  <testcase classname="testng1.invoce" name="sentitems" time="0.003"/>
  <system-out/>
  <testcase classname="testng1.invoce" name="sentitems" time="0.014"/>
  <system-out/>
  <testcase classname="testng1.invoce" name="sentitems" time="0.003"/>
  <system-out/>
  <testcase classname="testng1.invoce" name="sentitems" time="0.002"/>
  <system-out/>
  <testcase classname="testng1.invoce" name="sentitems" time="0.003"/>
  <system-out/>
</testsuite> <!-- testng1.invoce -->
