<?xml version="1.0" encoding="UTF-8"?>
<!-- Generated by org.testng.reporters.JUnitReportReporter -->
<testsuite hostname="Nandish1999" failures="0" tests="1" name="testng1.base_play_youtube" time="14.959" errors="0" timestamp="2024-01-22T17:27:26 IST" skipped="0">
  <testcase classname="testng1.base_play_youtube" name="paly_script" time="14.959"/>
  <system-out/>
</testsuite> <!-- testng1.base_play_youtube -->
