<?xml version="1.0" encoding="UTF-8"?>
<!-- Generated by org.testng.reporters.JUnitReportReporter -->
<testsuite hostname="Nandish1999" failures="0" tests="1" name="testng1.YoutubePlay" time="9.462" errors="0" timestamp="2024-01-19T17:12:54 IST" skipped="0">
  <testcase classname="testng1.YoutubePlay" name="play" time="9.462"/>
  <system-out/>
</testsuite> <!-- testng1.YoutubePlay -->
