<?xml version="1.0" encoding="UTF-8"?>
<!-- Generated by org.testng.reporters.JUnitReportReporter -->
<testsuite hostname="Nandish1999" failures="0" tests="3" name="testng1.depends" time="0.022" errors="0" timestamp="2024-01-17T17:10:15 IST" skipped="0">
  <testcase classname="testng1.depends" name="trash" time="0.002"/>
  <system-out/>
  <testcase classname="testng1.depends" name="sentitems" time="0.005"/>
  <system-out/>
  <testcase classname="testng1.depends" name="compose" time="0.015"/>
  <system-out/>
</testsuite> <!-- testng1.depends -->
