<?xml version="1.0" encoding="UTF-8"?>
<!-- Generated by org.testng.reporters.JUnitReportReporter -->
<testsuite hostname="Nandish1999" failures="0" tests="1" name="testng1.amazon1" time="8.715" errors="0" timestamp="2024-01-17T17:39:08 IST" skipped="0">
  <testcase classname="testng1.amazon1" name="amazon" time="8.715"/>
  <system-out/>
</testsuite> <!-- testng1.amazon1 -->
